[2026-05-17 16:45:08] [USUARIO_CREADO] usuario_id=1 email=admin@azar.com rol=admin
[2026-05-17 16:45:08] [USUARIO_CREADO] usuario_id=2 email=cliente@azar.com rol=cliente
[2026-05-17 16:46:26] [USUARIO_CREADO] usuario_id=1 email=notificaciones.azarapp@gmail.com rol=admin
[2026-05-17 16:46:26] [USUARIO_CREADO] usuario_id=2 email=sebastianzambrano2809@gmail.com rol=cliente
[2026-05-17 16:46:56] [SESION_INICIADA] usuario_id=2 email=sebastianzambrano2809@gmail.com rol=cliente
[2026-05-17 16:47:12] [RECARGA_SALDO] usuario_id=2 monto=10000000 metodo=plataforma
[2026-05-17 16:51:33] [SESION_INICIADA] usuario_id=1 email=notificaciones.azarapp@gmail.com rol=admin
[2026-05-17 16:51:58] [SESION_INICIADA] usuario_id=2 email=sebastianzambrano2809@gmail.com rol=cliente
[2026-05-17 16:53:17] [SORTEO_CREADO] sorteo_id=1 titulo="Sorteo de prueba" tipo=fijo
[2026-05-17 16:59:12] [SESION_INICIADA] usuario_id=1 email=sebastianzambrano2809@gmail.com rol=admin
[2026-05-17 16:59:18] [SORTEO_ELIMINADO] sorteo_id=1 titulo="Sorteo de prueba"
[2026-05-17 16:59:44] [SORTEO_CREADO] sorteo_id=2 titulo="Sorteo de prueba" tipo=fijo
[2026-05-17 17:03:46] [SESION_INICIADA] usuario_id=1 email=sebastianzambrano2809@gmail.com rol=admin
[2026-05-17 17:04:09] [SORTEO_CREADO] sorteo_id=3 titulo="Sorteo de prueba 2" tipo=acumulado
[2026-05-17 17:11:26] [SESION_INICIADA] usuario_id=1 email=sebastianzambrano2809@gmail.com rol=admin
[2026-05-17 17:11:50] [SORTEO_CREADO] sorteo_id=4 titulo="Sorteo de prueba3" tipo=acumulado
[2026-05-17 17:12:44] [SESION_INICIADA] usuario_id=2 email=jusezaca2024@gmail.com rol=cliente
[2026-05-17 17:12:58] [TICKET_COMPRADO] usuario_id=2 sorteo_id=2 ticket=#6 monto=10
[2026-05-17 17:12:58] [TICKET_COMPRADO] usuario_id=2 sorteo_id=2 ticket=#5 monto=10
[2026-05-17 17:12:58] [TICKET_COMPRADO] usuario_id=2 sorteo_id=2 ticket=#4 monto=10
[2026-05-17 17:12:58] [TICKET_COMPRADO] usuario_id=2 sorteo_id=2 ticket=#3 monto=10
[2026-05-17 17:12:58] [TICKET_COMPRADO] usuario_id=2 sorteo_id=2 ticket=#2 monto=10
[2026-05-17 17:12:58] [TICKET_COMPRADO] usuario_id=2 sorteo_id=2 ticket=#1 monto=10
[2026-05-17 17:18:45] [SESION_INICIADA] usuario_id=1 email=sebastianzambrano2809@gmail.com rol=admin
[2026-05-17 17:19:27] [SESION_INICIADA] usuario_id=2 email=jusezaca2024@gmail.com rol=cliente
[2026-05-17 17:25:52] [USUARIO_CREADO] usuario_id=3 email=celisagudeloluzdary3@gmail.com rol=cliente
[2026-05-17 17:26:00] [SESION_INICIADA] usuario_id=3 email=celisagudeloluzdary3@gmail.com rol=cliente
[2026-05-18 16:02:28] [RECARGA_SALDO] usuario_id=2 monto=10 metodo=plataforma
[2026-05-18 16:02:28] [DEVOLUCION_CANCELACION] usuario_id=2 sorteo_id=2 monto_reembolsado=10
[2026-05-18 16:03:28] [RECARGA_SALDO] usuario_id=2 monto=10 metodo=plataforma
[2026-05-18 16:03:28] [DEVOLUCION_CANCELACION] usuario_id=2 sorteo_id=2 monto_reembolsado=10
[2026-05-18 16:04:28] [RECARGA_SALDO] usuario_id=2 monto=10 metodo=plataforma
[2026-05-18 16:04:28] [DEVOLUCION_CANCELACION] usuario_id=2 sorteo_id=2 monto_reembolsado=10
[2026-05-18 16:05:28] [RECARGA_SALDO] usuario_id=2 monto=10 metodo=plataforma
[2026-05-18 16:05:28] [DEVOLUCION_CANCELACION] usuario_id=2 sorteo_id=2 monto_reembolsado=10
[2026-05-18 16:06:28] [RECARGA_SALDO] usuario_id=2 monto=10 metodo=plataforma
[2026-05-18 16:06:28] [DEVOLUCION_CANCELACION] usuario_id=2 sorteo_id=2 monto_reembolsado=10
[2026-05-18 16:07:28] [RECARGA_SALDO] usuario_id=2 monto=10 metodo=plataforma
[2026-05-18 16:07:28] [DEVOLUCION_CANCELACION] usuario_id=2 sorteo_id=2 monto_reembolsado=10
[2026-05-18 16:08:28] [RECARGA_SALDO] usuario_id=2 monto=10 metodo=plataforma
[2026-05-18 16:08:28] [DEVOLUCION_CANCELACION] usuario_id=2 sorteo_id=2 monto_reembolsado=10
[2026-05-18 16:10:15] [SESION_INICIADA] usuario_id=1 email=sebastianzambrano2809@gmail.com rol=admin
[2026-05-18 16:10:38] [RECARGA_SALDO] usuario_id=2 monto=10 metodo=plataforma
[2026-05-18 16:10:38] [DEVOLUCION_CANCELACION] usuario_id=2 sorteo_id=2 monto_reembolsado=10
[2026-05-18 16:10:38] [RECARGA_SALDO] usuario_id=2 monto=10 metodo=plataforma
[2026-05-18 16:10:38] [DEVOLUCION_CANCELACION] usuario_id=2 sorteo_id=2 monto_reembolsado=10
[2026-05-18 16:10:38] [RECARGA_SALDO] usuario_id=2 monto=10 metodo=plataforma
[2026-05-18 16:10:38] [DEVOLUCION_CANCELACION] usuario_id=2 sorteo_id=2 monto_reembolsado=10
[2026-05-18 16:10:38] [RECARGA_SALDO] usuario_id=2 monto=10 metodo=plataforma
[2026-05-18 16:10:38] [DEVOLUCION_CANCELACION] usuario_id=2 sorteo_id=2 monto_reembolsado=10
[2026-05-18 16:10:38] [RECARGA_SALDO] usuario_id=2 monto=10 metodo=plataforma
[2026-05-18 16:10:38] [DEVOLUCION_CANCELACION] usuario_id=2 sorteo_id=2 monto_reembolsado=10
[2026-05-18 16:10:38] [RECARGA_SALDO] usuario_id=2 monto=10 metodo=plataforma
[2026-05-18 16:10:38] [DEVOLUCION_CANCELACION] usuario_id=2 sorteo_id=2 monto_reembolsado=10
[2026-05-18 16:10:38] [SORTEO_CANCELADO] sorteo_id=2 titulo="Sorteo de prueba" motivo="Faltan $9940.00 en ventas para cubrir el premio fijo"
[2026-05-18 16:14:04] [SESION_INICIADA] usuario_id=1 email=sebastianzambrano2809@gmail.com rol=admin
[2026-05-18 16:20:48] [SESION_INICIADA] usuario_id=1 email=sebastianzambrano2809@gmail.com rol=admin
[2026-05-18 16:26:10] [SESION_INICIADA] usuario_id=1 email=sebastianzambrano2809@gmail.com rol=admin
[2026-05-18 16:26:32] [SESION_CERRADA] usuario_id=1 email=sebastianzambrano2809@gmail.com
[2026-05-18 16:26:45] [SESION_INICIADA] usuario_id=2 email=jusezaca2024@gmail.com rol=cliente
[2026-05-18 16:27:10] [RECARGA_SALDO] usuario_id=2 monto=50000 metodo=plataforma
[2026-05-18 16:27:21] [TICKET_COMPRADO] usuario_id=2 sorteo_id=3 ticket=#67 monto=1000
[2026-05-18 16:29:17] [TICKET_COMPRADO] usuario_id=2 sorteo_id=3 ticket=#69 monto=1000
[2026-05-18 16:29:31] [TICKET_DEVUELTO] usuario_id=2 sorteo_id=3 ticket=#69 monto_reembolsado=1000
[2026-05-18 16:29:39] [TICKET_COMPRADO] usuario_id=2 sorteo_id=3 ticket=#69 monto=1000
[2026-05-18 16:29:43] [SESION_CERRADA] usuario_id=2 email=jusezaca2024@gmail.com
[2026-05-18 16:29:53] [SESION_INICIADA] usuario_id=1 email=sebastianzambrano2809@gmail.com rol=admin
[2026-05-18 16:30:03] [SALDO_AJUSTADO_ADMIN] admin_id=admin usuario_id=3 operacion=sumar monto=1
[2026-05-18 16:30:05] [SALDO_AJUSTADO_ADMIN] admin_id=admin usuario_id=3 operacion=restar monto=-1
[2026-05-18 16:30:24] [USUARIO_DESACTIVADO] usuario_id=3
[2026-05-18 16:30:29] [USUARIO_ACTIVADO] usuario_id=3
[2026-05-18 16:30:39] [USUARIO_DESACTIVADO] usuario_id=2
[2026-05-18 16:30:43] [USUARIO_ACTIVADO] usuario_id=2
[2026-05-18 16:36:16] [USUARIO_DESACTIVADO] usuario_id=2
[2026-05-18 16:36:19] [USUARIO_ACTIVADO] usuario_id=2
[2026-05-18 16:38:39] [USUARIO_DESACTIVADO] usuario_id=2
[2026-05-18 16:38:42] [USUARIO_ACTIVADO] usuario_id=2
[2026-05-18 16:39:05] [SESION_INICIADA] usuario_id=1 email=sebastianzambrano2809@gmail.com rol=admin
[2026-05-18 16:49:46] [SESION_INICIADA] usuario_id=1 email=sebastianzambrano2809@gmail.com rol=admin
[2026-05-18 16:49:54] [USUARIO_DESACTIVADO] usuario_id=3
[2026-05-18 16:49:56] [USUARIO_ACTIVADO] usuario_id=3
[2026-05-18 16:52:45] [SESION_INICIADA] usuario_id=1 email=sebastianzambrano2809@gmail.com rol=admin
[2026-05-18 16:55:50] [SESION_INICIADA] usuario_id=1 email=sebastianzambrano2809@gmail.com rol=admin
[2026-05-18 16:57:36] [SESION_INICIADA] usuario_id=1 email=sebastianzambrano2809@gmail.com rol=admin
[2026-05-18 17:01:10] [SESION_INICIADA] usuario_id=1 email=sebastianzambrano2809@gmail.com rol=admin
[2026-05-18 17:01:17] [USUARIO_DESACTIVADO] usuario_id=3
[2026-05-18 17:01:19] [USUARIO_ACTIVADO] usuario_id=3
[2026-05-18 17:04:13] [SESION_INICIADA] usuario_id=1 email=sebastianzambrano2809@gmail.com rol=admin
[2026-05-18 17:04:20] [USUARIO_DESACTIVADO] usuario_id=3
[2026-05-18 17:04:22] [USUARIO_ACTIVADO] usuario_id=3
[2026-05-18 17:19:29] [SORTEO_ELIMINADO] sorteo_id=2 titulo="Sorteo de prueba"
[2026-05-18 17:29:10] [SESION_INICIADA] usuario_id=1 email=sebastianzambrano2809@gmail.com rol=admin
[2026-05-18 17:30:53] [RECARGA_SALDO] usuario_id=2 monto=1000 metodo=plataforma
[2026-05-18 17:30:53] [DEVOLUCION_CANCELACION] usuario_id=2 sorteo_id=3 monto_reembolsado=1000
[2026-05-18 17:30:53] [RECARGA_SALDO] usuario_id=2 monto=1000 metodo=plataforma
[2026-05-18 17:30:53] [DEVOLUCION_CANCELACION] usuario_id=2 sorteo_id=3 monto_reembolsado=1000
[2026-05-18 17:30:53] [SORTEO_CANCELADO] sorteo_id=3 titulo="Sorteo de prueba 2" motivo="Condiciones mínimas no alcanzadas"
[2026-05-18 17:31:36] [SESION_CERRADA] usuario_id=1 email=sebastianzambrano2809@gmail.com
[2026-05-18 17:31:48] [SESION_INICIADA] usuario_id=2 email=jusezaca2024@gmail.com rol=cliente
[2026-05-18 17:36:35] [TICKET_COMPRADO] usuario_id=2 sorteo_id=4 ticket=#6 monto=500
[2026-05-18 17:36:35] [TICKET_COMPRADO] usuario_id=2 sorteo_id=4 ticket=#5 monto=500
[2026-05-18 17:36:35] [TICKET_COMPRADO] usuario_id=2 sorteo_id=4 ticket=#4 monto=500
[2026-05-18 17:36:41] [SESION_CERRADA] usuario_id=2 email=jusezaca2024@gmail.com
[2026-05-18 17:36:51] [SESION_INICIADA] usuario_id=1 email=sebastianzambrano2809@gmail.com rol=admin
[2026-05-18 17:38:52] [SESION_CERRADA] usuario_id=1 email=sebastianzambrano2809@gmail.com
[2026-05-18 17:39:08] [SESION_INICIADA] usuario_id=1 email=sebastianzambrano2809@gmail.com rol=admin
[2026-05-18 17:39:55] [SESION_INICIADA] usuario_id=2 email=jusezaca2024@gmail.com rol=cliente
[2026-05-18 17:40:07] [TICKET_DEVUELTO] usuario_id=2 sorteo_id=4 ticket=#4 monto_reembolsado=500
[2026-05-18 17:40:22] [SESION_INICIADA] usuario_id=1 email=sebastianzambrano2809@gmail.com rol=admin
[2026-05-18 17:42:46] [RECARGA_SALDO] usuario_id=2 monto=500 metodo=plataforma
[2026-05-18 17:42:46] [DEVOLUCION_CANCELACION] usuario_id=2 sorteo_id=4 monto_reembolsado=500
[2026-05-18 17:42:46] [RECARGA_SALDO] usuario_id=2 monto=500 metodo=plataforma
[2026-05-18 17:42:46] [DEVOLUCION_CANCELACION] usuario_id=2 sorteo_id=4 monto_reembolsado=500
[2026-05-18 17:42:46] [SORTEO_CANCELADO] sorteo_id=4 titulo="Sorteo de prueba3" motivo="Condiciones mínimas no alcanzadas"
[2026-05-18 17:51:09] [SESION_INICIADA] usuario_id=1 email=sebastianzambrano2809@gmail.com rol=admin
[2026-05-18 17:51:18] [SESION_INICIADA] usuario_id=2 email=jusezaca2024@gmail.com rol=cliente
[2026-05-18 17:51:30] [USUARIO_DESACTIVADO] usuario_id=2
[2026-05-18 17:51:32] [USUARIO_ACTIVADO] usuario_id=2
[2026-05-18 17:51:41] [SESION_INICIADA] usuario_id=2 email=jusezaca2024@gmail.com rol=cliente
[2026-05-18 17:51:48] [SORTEO_ELIMINADO] sorteo_id=4 titulo="Sorteo de prueba3"
[2026-05-18 17:51:49] [SORTEO_ELIMINADO] sorteo_id=3 titulo="Sorteo de prueba 2"
